<html>
<body>
<pre>
<h1>Vision Build Log</h1>
<h2>Tool Versions:</h2>
IDE-Version: μVision V5.28.0.0
Copyright (C) 2019 ARM Ltd and ARM Germany GmbH. All rights reserved.
License Information: 宿舍 ljg, 舒服, LIC=1WSCX-HXDS7-WJ96K-Z05B1-5UIXC-1H4JF
 
Tool Versions:
Toolchain:       MDK-ARM Professional  Version: 5.28.0.0
Toolchain Path:  D:\MDK5\ARM\ARMCC\Bin
C Compiler:      Armcc.exe V5.06 update 6 (build 750)
Assembler:       Armasm.exe V5.06 update 6 (build 750)
Linker/Locator:  ArmLink.exe V5.06 update 6 (build 750)
Library Manager: ArmAr.exe V5.06 update 6 (build 750)
Hex Converter:   FromElf.exe V5.06 update 6 (build 750)
CPU DLL:         SARMCM3.DLL V5.28.0.0
Dialog DLL:      DCM.DLL V1.17.3.0
Target DLL:      Segger\JL2CM3.dll V2.99.36.0
Dialog DLL:      TCM.DLL V1.36.2.0
 
<h2>Project:</h2>
D:\K60芯片资料\K66资料\1.逐飞科技_K66库V2.06\桔梗的K60例程\电机驱动+电感\逐飞科技_K66库\Projecct\MDK\SeekFree_Kinetis.uvprojx
Project File Date:  10/29/2020

<h2>Output:</h2>
*** Using Compiler 'V5.06 update 6 (build 750)', folder: 'D:\MDK5\ARM\ARMCC\Bin'
Rebuild target 'SeekFree_MK66FX'
assembling startup_MK66F18.s...
compiling MK60_flash.c...
compiling misc.c...
compiling MK60_cmt.c...
compiling MK60_adc.c...
compiling MK60_dac.c...
compiling MK60_dma.c...
compiling common.c...
compiling system_MK66.c...
compiling MK60_lptmr.c...
compiling MK60_port.c...
compiling MK60_pit.c...
compiling MK60_i2c.c...
compiling MK60_gpio.c...
compiling MK60_ftm.c...
compiling MK60_rtc.c...
compiling MK60_sdhc.c...
compiling MK60_wdog.c...
compiling MK60_systick.c...
compiling MK60_uart.c...
compiling MK60_spi.c...
compiling SEEKFREE_18TFT.c...
..\..\Libraries\hareware\key\KEY.h(11): warning:  #1-D: last line of file ends without a newline
  #endif
..\..\Libraries\seekfree\SEEKFREE_18TFT.c: 1 warning, 0 errors
compiling main.c...
..\..\Libraries\hareware\key\KEY.h(11): warning:  #1-D: last line of file ends without a newline
  #endif
..\USER\src\main.c: 1 warning, 0 errors
compiling isr.c...
..\..\Libraries\hareware\key\KEY.h(11): warning:  #1-D: last line of file ends without a newline
  #endif
..\USER\src\isr.c(50): error:  #20: identifier "Key_value" is undefined
  	key_value_last=Key_value;
..\USER\src\isr.c(54): error:  #20: identifier "Key_interrupt_flag" is undefined
  		Key_interrupt_flag=1;
..\USER\src\isr.c(56): warning:  #223-D: function "Get_Mode" declared implicitly
  	Get_Mode();
..\USER\src\isr.c(58): error:  #20: identifier "KEY1" is undefined
  	if(Key_value==KEY1)
..\USER\src\isr.c(60): error:  #20: identifier "Car_Mode" is undefined
  		Car_Mode=Support_Mode;
..\USER\src\isr.c(60): error:  #20: identifier "Support_Mode" is undefined
  		Car_Mode=Support_Mode;
..\USER\src\isr.c(64): error:  #169: expected a declaration
  }
..\USER\src\isr.c(234): warning: At end of source:  #12-D: parsing restarts here after previous syntax error
..\USER\src\isr.c: 3 warnings, 6 errors
compiling SEEKFREE_7725.c...
..\..\Libraries\hareware\key\KEY.h(11): warning:  #1-D: last line of file ends without a newline
  #endif
..\..\Libraries\seekfree\SEEKFREE_7725.c: 1 warning, 0 errors
compiling SEEKFREE_FUN.c...
..\..\Libraries\hareware\key\KEY.h(11): warning:  #1-D: last line of file ends without a newline
  #endif
..\..\Libraries\seekfree\SEEKFREE_FUN.c: 1 warning, 0 errors
compiling SEEKFREE_IIC.c...
..\..\Libraries\hareware\key\KEY.h(11): warning:  #1-D: last line of file ends without a newline
  #endif
..\..\Libraries\seekfree\SEEKFREE_IIC.c: 1 warning, 0 errors
compiling SEEKFREE_L3G4200D.c...
..\..\Libraries\hareware\key\KEY.h(11): warning:  #1-D: last line of file ends without a newline
  #endif
..\..\Libraries\seekfree\SEEKFREE_L3G4200D.c: 1 warning, 0 errors
compiling SEEKFREE_MMA8451.c...
..\..\Libraries\hareware\key\KEY.h(11): warning:  #1-D: last line of file ends without a newline
  #endif
..\..\Libraries\seekfree\SEEKFREE_MMA8451.c: 1 warning, 0 errors
compiling ff.c...
compiling SEEKFREE_MPU6050.c...
..\..\Libraries\hareware\key\KEY.h(11): warning:  #1-D: last line of file ends without a newline
  #endif
..\..\Libraries\seekfree\SEEKFREE_MPU6050.c: 1 warning, 0 errors
compiling SEEKFREE_MT9V032.c...
..\..\Libraries\hareware\key\KEY.h(11): warning:  #1-D: last line of file ends without a newline
  #endif
..\..\Libraries\seekfree\SEEKFREE_MT9V032.c: 1 warning, 0 errors
compiling SEEKFREE_OLED.c...
..\..\Libraries\hareware\key\KEY.h(11): warning:  #1-D: last line of file ends without a newline
  #endif
..\..\Libraries\seekfree\SEEKFREE_OLED.c: 1 warning, 0 errors
compiling SEEKFREE_NRF24L01.c...
..\..\Libraries\hareware\key\KEY.h(11): warning:  #1-D: last line of file ends without a newline
  #endif
..\..\Libraries\seekfree\SEEKFREE_NRF24L01.c: 1 warning, 0 errors
compiling diskio.c...
compiling SEEKFREE_TSL1401.c...
..\..\Libraries\hareware\key\KEY.h(11): warning:  #1-D: last line of file ends without a newline
  #endif
..\..\Libraries\seekfree\SEEKFREE_TSL1401.c: 1 warning, 0 errors
compiling MOTOR.c...
..\..\Libraries\hareware\key\KEY.h(11): warning:  #1-D: last line of file ends without a newline
  #endif
..\..\Libraries\hareware\motor\MOTOR.c: 1 warning, 0 errors
compiling EM.c...
..\..\Libraries\hareware\key\KEY.h(11): warning:  #1-D: last line of file ends without a newline
  #endif
..\..\Libraries\hareware\em\EM.c: 1 warning, 0 errors
compiling KEY.c...
..\..\Libraries\hareware\key\KEY.h(11): warning:  #1-D: last line of file ends without a newline
  #endif
..\..\Libraries\hareware\key\KEY.c: 1 warning, 0 errors
".\Objects\SeekFree_Kinetis.axf" - 6 Error(s), 18 Warning(s).

<h2>Software Packages used:</h2>

Package Vendor: Keil
                http://www.keil.com/pack/Keil.Kinetis_K60_DFP.1.4.0.pack
                Keil.Kinetis_K60_DFP.1.4.0
                Freescale Kinetis K60 Series Device Support and Examples

<h2>Collection of Component include folders:</h2>
  .\RTE\_SeekFree_MK66FX
  D:\MDK5\Keil\Kinetis_K60_DFP\1.4.0\Device\Include

<h2>Collection of Component Files used:</h2>
Target not created.
Build Time Elapsed:  00:00:38
</pre>
</body>
</html>
